<?xml version="1.0" encoding="UTF-8"?>
<testng-results ignored="0" total="3" passed="2" failed="1" skipped="0">
  <reporter-output>
  </reporter-output>
  <suite started-at="2025-06-21T20:38:12 EEST" name="Functional Suite" finished-at="2025-06-21T20:39:22 EEST" duration-ms="70703">
    <groups>
    </groups>
    <test started-at="2025-06-21T20:38:12 EEST" name="Functional Test on Chrome" finished-at="2025-06-21T20:39:22 EEST" duration-ms="70703">
      <class name="Tests.TC2_AddingItemsToCart">
        <test-method is-config="true" signature="setup()[pri:0, instance:Tests.TC2_AddingItemsToCart@6d171ce0]" started-at="2025-06-21T20:38:38 EEST" name="setup" finished-at="2025-06-21T20:38:41 EEST" duration-ms="3496" status="PASS">
          <reporter-output>
          </reporter-output>
        </test-method> <!-- setup -->
        <test-method signature="Add_Item_to_cart_TC()[pri:0, instance:Tests.TC2_AddingItemsToCart@6d171ce0]" started-at="2025-06-21T20:38:41 EEST" name="Add_Item_to_cart_TC" finished-at="2025-06-21T20:38:51 EEST" duration-ms="9426" status="PASS">
          <reporter-output>
          </reporter-output>
        </test-method> <!-- Add_Item_to_cart_TC -->
        <test-method is-config="true" signature="quit()[pri:0, instance:Tests.TC2_AddingItemsToCart@6d171ce0]" started-at="2025-06-21T20:38:51 EEST" name="quit" finished-at="2025-06-21T20:38:51 EEST" duration-ms="501" status="PASS">
          <reporter-output>
          </reporter-output>
        </test-method> <!-- quit -->
      </class> <!-- Tests.TC2_AddingItemsToCart -->
      <class name="Tests.TC1_EnterProductName">
        <test-method is-config="true" signature="setup()[pri:0, instance:Tests.TC1_EnterProductName@2b4786dd]" started-at="2025-06-21T20:38:12 EEST" name="setup" finished-at="2025-06-21T20:38:22 EEST" duration-ms="10713" status="PASS">
          <reporter-output>
          </reporter-output>
        </test-method> <!-- setup -->
        <test-method signature="InValid_Search_TC1()[pri:0, instance:Tests.TC1_EnterProductName@2b4786dd]" started-at="2025-06-21T20:38:23 EEST" name="InValid_Search_TC1" finished-at="2025-06-21T20:38:36 EEST" duration-ms="13244" status="FAIL">
          <exception class="java.lang.AssertionError">
            <message>
              <![CDATA['No results message' is not displayed for invalid product search expected [true] but found [false]]]>
            </message>
            <full-stacktrace>
              <![CDATA[java.lang.AssertionError: 'No results message' is not displayed for invalid product search expected [true] but found [false]
at org.testng.Assert.fail(Assert.java:111)
at org.testng.Assert.failNotEquals(Assert.java:1590)
at org.testng.Assert.assertTrue(Assert.java:57)
at Tests.TC1_EnterProductName.InValid_Search_TC1(TC1_EnterProductName.java:74)
at java.base/jdk.internal.reflect.DirectMethodHandleAccessor.invoke(DirectMethodHandleAccessor.java:103)
at java.base/java.lang.reflect.Method.invoke(Method.java:580)
at org.testng.internal.invokers.MethodInvocationHelper.invokeMethod(MethodInvocationHelper.java:141)
at org.testng.internal.invokers.TestInvoker.invokeMethod(TestInvoker.java:687)
at org.testng.internal.invokers.TestInvoker.invokeTestMethod(TestInvoker.java:230)
at org.testng.internal.invokers.MethodRunner.runInSequence(MethodRunner.java:63)
at org.testng.internal.invokers.TestInvoker$MethodInvocationAgent.invoke(TestInvoker.java:995)
at org.testng.internal.invokers.TestInvoker.invokeTestMethods(TestInvoker.java:203)
at org.testng.internal.invokers.TestMethodWorker.invokeTestMethods(TestMethodWorker.java:154)
at org.testng.internal.invokers.TestMethodWorker.run(TestMethodWorker.java:134)
at java.base/java.util.ArrayList.forEach(ArrayList.java:1596)
at org.testng.TestRunner.privateRun(TestRunner.java:741)
at org.testng.TestRunner.run(TestRunner.java:616)
at org.testng.SuiteRunner.runTest(SuiteRunner.java:421)
at org.testng.SuiteRunner.runSequentially(SuiteRunner.java:413)
at org.testng.SuiteRunner.privateRun(SuiteRunner.java:373)
at org.testng.SuiteRunner.run(SuiteRunner.java:312)
at org.testng.SuiteRunnerWorker.runSuite(SuiteRunnerWorker.java:52)
at org.testng.SuiteRunnerWorker.run(SuiteRunnerWorker.java:95)
at org.testng.TestNG.runSuitesSequentially(TestNG.java:1274)
at org.testng.TestNG.runSuitesLocally(TestNG.java:1208)
at org.testng.TestNG.runSuites(TestNG.java:1112)
at org.testng.TestNG.run(TestNG.java:1079)
at org.apache.maven.surefire.testng.TestNGExecutor.run(TestNGExecutor.java:308)
at org.apache.maven.surefire.testng.TestNGXmlTestSuite.execute(TestNGXmlTestSuite.java:71)
at org.apache.maven.surefire.testng.TestNGProvider.invoke(TestNGProvider.java:113)
at org.apache.maven.surefire.booter.ForkedBooter.runSuitesInProcess(ForkedBooter.java:385)
at org.apache.maven.surefire.booter.ForkedBooter.execute(ForkedBooter.java:162)
at org.apache.maven.surefire.booter.ForkedBooter.run(ForkedBooter.java:507)
at org.apache.maven.surefire.booter.ForkedBooter.main(ForkedBooter.java:495)
]]>
            </full-stacktrace>
          </exception> <!-- java.lang.AssertionError -->
          <reporter-output>
          </reporter-output>
        </test-method> <!-- InValid_Search_TC1 -->
        <test-method is-config="true" signature="quit()[pri:0, instance:Tests.TC1_EnterProductName@2b4786dd]" started-at="2025-06-21T20:38:37 EEST" name="quit" finished-at="2025-06-21T20:38:38 EEST" duration-ms="1335" status="PASS">
          <reporter-output>
          </reporter-output>
        </test-method> <!-- quit -->
      </class> <!-- Tests.TC1_EnterProductName -->
      <class name="Tests.TC3_CheckoutProcess">
        <test-method is-config="true" signature="setup()[pri:0, instance:Tests.TC3_CheckoutProcess@627d35ff]" started-at="2025-06-21T20:38:51 EEST" name="setup" finished-at="2025-06-21T20:38:58 EEST" duration-ms="6987" status="PASS">
          <reporter-output>
          </reporter-output>
        </test-method> <!-- setup -->
        <test-method signature="Valid_Checkout()[pri:0, instance:Tests.TC3_CheckoutProcess@627d35ff]" started-at="2025-06-21T20:38:58 EEST" name="Valid_Checkout" finished-at="2025-06-21T20:39:21 EEST" duration-ms="22731" status="PASS">
          <reporter-output>
          </reporter-output>
        </test-method> <!-- Valid_Checkout -->
        <test-method is-config="true" signature="quit()[pri:0, instance:Tests.TC3_CheckoutProcess@627d35ff]" started-at="2025-06-21T20:39:21 EEST" name="quit" finished-at="2025-06-21T20:39:22 EEST" duration-ms="1158" status="PASS">
          <reporter-output>
          </reporter-output>
        </test-method> <!-- quit -->
      </class> <!-- Tests.TC3_CheckoutProcess -->
    </test> <!-- Functional Test on Chrome -->
  </suite> <!-- Functional Suite -->
</testng-results>
