<?xml version="1.0" encoding="UTF-8"?>
<testsuite xmlns:xsi="http://www.w3.org/2001/XMLSchema-instance" xsi:noNamespaceSchemaLocation="https://maven.apache.org/surefire/maven-surefire-plugin/xsd/surefire-test-report-3.0.xsd" version="3.0" name="TestSuite" time="127.89" tests="3" errors="0" skipped="0" failures="1">
  <properties>
[...]
</properties>
  <testcase name="InValid_Search_TC1" classname="Tests.TC1_EnterProductName" time="18.542">
    <failure message="&apos;No results message&apos; is not displayed for invalid product search expected [true] but found [false]" type="java.lang.AssertionError"><![CDATA[java.lang.AssertionError: 'No results message' is not displayed for invalid product search expected [true] but found [false]
	at org.testng.Assert.fail(Assert.java:111)
	at org.testng.Assert.failNotEquals(Assert.java:1590)
	at org.testng.Assert.assertTrue(Assert.java:57)
	at Tests.TC1_EnterProductName.InValid_Search_TC1(TC1_EnterProductName.java:75)
	at java.base/jdk.internal.reflect.DirectMethodHandleAccessor.invoke(DirectMethodHandleAccessor.java:103)
	at java.base/java.lang.reflect.Method.invoke(Method.java:580)
	at org.testng.internal.invokers.MethodInvocationHelper.invokeMethod(MethodInvocationHelper.java:141)
	at org.testng.internal.invokers.TestInvoker.invokeMethod(TestInvoker.java:687)
	at org.testng.internal.invokers.TestInvoker.invokeTestMethod(TestInvoker.java:230)
	at org.testng.internal.invokers.MethodRunner.runInSequence(MethodRunner.java:63)
	at org.testng.internal.invokers.TestInvoker$MethodInvocationAgent.invoke(TestInvoker.java:995)
	at org.testng.internal.invokers.TestInvoker.invokeTestMethods(TestInvoker.java:203)
	at org.testng.internal.invokers.TestMethodWorker.invokeTestMethods(TestMethodWorker.java:154)
	at org.testng.internal.invokers.TestMethodWorker.run(TestMethodWorker.java:134)
	at java.base/java.util.ArrayList.forEach(ArrayList.java:1596)
	at org.testng.TestRunner.privateRun(TestRunner.java:741)
	at org.testng.TestRunner.run(TestRunner.java:616)
	at org.testng.SuiteRunner.runTest(SuiteRunner.java:421)
	at org.testng.SuiteRunner.runSequentially(SuiteRunner.java:413)
	at org.testng.SuiteRunner.privateRun(SuiteRunner.java:373)
	at org.testng.SuiteRunner.run(SuiteRunner.java:312)
	at org.testng.SuiteRunnerWorker.runSuite(SuiteRunnerWorker.java:52)
	at org.testng.SuiteRunnerWorker.run(SuiteRunnerWorker.java:95)
	at org.testng.TestNG.runSuitesSequentially(TestNG.java:1274)
	at org.testng.TestNG.runSuitesLocally(TestNG.java:1208)
	at org.testng.TestNG.runSuites(TestNG.java:1112)
	at org.testng.TestNG.run(TestNG.java:1079)
	at org.apache.maven.surefire.testng.TestNGExecutor.run(TestNGExecutor.java:308)
	at org.apache.maven.surefire.testng.TestNGXmlTestSuite.execute(TestNGXmlTestSuite.java:71)
	at org.apache.maven.surefire.testng.TestNGProvider.invoke(TestNGProvider.java:113)
	at org.apache.maven.surefire.booter.ForkedBooter.runSuitesInProcess(ForkedBooter.java:385)
	at org.apache.maven.surefire.booter.ForkedBooter.execute(ForkedBooter.java:162)
	at org.apache.maven.surefire.booter.ForkedBooter.run(ForkedBooter.java:507)
	at org.apache.maven.surefire.booter.ForkedBooter.main(ForkedBooter.java:495)
]]></failure>
    <system-out><![CDATA[[INFO] 23-06-2025 02:53:01 [main] [Tests.TC1_EnterProductName.setup(TC1_EnterProductName.java:54)] - Edge Driver is opened
[INFO] 23-06-2025 02:53:21 [main] [Tests.TC1_EnterProductName.setup(TC1_EnterProductName.java:57)] - Page is redirected to url
[INFO] 23-06-2025 02:53:22 [main] [Listeners.Itest.onTestStart(Itest.java:21)] - Test CaseInValid_Search_TC1 started
false
[INFO] 23-06-2025 02:53:40 [main] [Listeners.InvokedMethod.afterInvocation(InvokedMethod.java:28)] - Test CaseInValid_Search_TC1 failed
]]></system-out>
    <system-err><![CDATA[[main] WARN org.testng.xml.TestNGContentHandler - It is strongly recommended to add "<!DOCTYPE suite SYSTEM "https://testng.org/testng-1.1.dtd" >" at the top of the suite file [D:\Software Testing\java examples\Sprints_Automation Task\E-ommerce-website\Test Runner\Functional_Testing.xml] otherwise TestNG may fail or not work as expected.
Jun 23, 2025 2:53:19 AM org.openqa.selenium.devtools.CdpVersionFinder findNearestMatch
WARNING: Unable to find an exact match for CDP version 137, returning the closest version; found: 135; Please update to a Selenium version that supports CDP version 137
]]></system-err>
  </testcase>
  <testcase name="Add_Item_to_cart_TC" classname="Tests.TC2_AddingItemsToCart" time="13.868">
    <system-out><![CDATA[[INFO] 23-06-2025 02:53:44 [main] [Tests.TC2_AddingItemsToCart.setup(TC2_AddingItemsToCart.java:35)] - Edge Driver is opened
[INFO] 23-06-2025 02:54:01 [main] [Tests.TC2_AddingItemsToCart.setup(TC2_AddingItemsToCart.java:38)] - Page is redirected to url
[INFO] 23-06-2025 02:54:01 [main] [Listeners.Itest.onTestStart(Itest.java:21)] - Test CaseAdd_Item_to_cart_TC started
]]></system-out>
    <system-err><![CDATA[Jun 23, 2025 2:54:00 AM org.openqa.selenium.devtools.CdpVersionFinder findNearestMatch
WARNING: Unable to find an exact match for CDP version 137, returning the closest version; found: 135; Please update to a Selenium version that supports CDP version 137
]]></system-err>
  </testcase>
  <testcase name="Valid_Checkout" classname="Tests.TC3_CheckoutProcess" time="22.365">
    <system-out><![CDATA[[INFO] 23-06-2025 02:54:15 [main] [Listeners.Itest.onTestSuccess(Itest.java:31)] - Test CaseAdd_Item_to_cart_TC passed
[INFO] 23-06-2025 02:54:19 [main] [Tests.TC3_CheckoutProcess.setup(TC3_CheckoutProcess.java:50)] - Edge Driver is opened
[INFO] 23-06-2025 02:54:40 [main] [Tests.TC3_CheckoutProcess.setup(TC3_CheckoutProcess.java:53)] - Page is redirected to url
[INFO] 23-06-2025 02:54:40 [main] [Listeners.Itest.onTestStart(Itest.java:21)] - Test CaseValid_Checkout started
]]></system-out>
    <system-err><![CDATA[Jun 23, 2025 2:54:36 AM org.openqa.selenium.devtools.CdpVersionFinder findNearestMatch
WARNING: Unable to find an exact match for CDP version 137, returning the closest version; found: 135; Please update to a Selenium version that supports CDP version 137
]]></system-err>
  </testcase>
</testsuite>